<?xml version="1.0" encoding="UTF-8"?>
<testsuite xmlns:xsi="http://www.w3.org/2001/XMLSchema-instance" xsi:schemaLocation="https://maven.apache.org/surefire/maven-surefire-plugin/xsd/surefire-test-report.xsd" name="TestSuite" time="0.538" tests="5" errors="0" skipped="0" failures="0">
  <properties>
    <property name="jansi.mode" value="force"/>
    <property name="java.runtime.name" value="Java(TM) SE Runtime Environment"/>
    <property name="java.vm.version" value="17.0.7+8-LTS-224"/>
    <property name="sun.boot.library.path" value="C:\Program Files\Java\jdk-17\bin"/>
    <property name="maven.multiModuleProjectDirectory" value="D:\Estudio\Eclipse\CtaCorriente"/>
    <property name="java.vm.vendor" value="Oracle Corporation"/>
    <property name="java.vendor.url" value="https://java.oracle.com/"/>
    <property name="guice.disable.misplaced.annotation.check" value="true"/>
    <property name="path.separator" value=";"/>
    <property name="java.vm.name" value="Java HotSpot(TM) 64-Bit Server VM"/>
    <property name="sun.os.patch.level" value=""/>
    <property name="user.script" value=""/>
    <property name="user.country" value="CL"/>
    <property name="sun.java.launcher" value="SUN_STANDARD"/>
    <property name="java.vm.specification.name" value="Java Virtual Machine Specification"/>
    <property name="user.dir" value="D:\Estudio\Eclipse\CtaCorriente"/>
    <property name="java.vm.compressedOopsMode" value="Zero based"/>
    <property name="java.runtime.version" value="17.0.7+8-LTS-224"/>
    <property name="os.arch" value="amd64"/>
    <property name="java.io.tmpdir" value="C:\Users\fcana\AppData\Local\Temp\"/>
    <property name="line.separator" value="&#10;"/>
    <property name="java.vm.specification.vendor" value="Oracle Corporation"/>
    <property name="user.variant" value=""/>
    <property name="stderr.encoding" value="UTF-8"/>
    <property name="os.name" value="Windows 11"/>
    <property name="classworlds.conf" value="D:\Estudio\Eclipse\.metadata\.plugins\org.eclipse.m2e.launching\launches\m2conf2366437586181085759.tmp"/>
    <property name="sun.jnu.encoding" value="Cp1252"/>
    <property name="stdout.encoding" value="UTF-8"/>
    <property name="java.library.path" value="C:\Program Files\Java\jdk-17\bin;C:\Windows\Sun\Java\bin;C:\Windows\system32;C:\Windows;C:\Program Files\Common Files\Oracle\Java\javapath;C:\Windows\system32;C:\Windows;C:\Windows\System32\Wbem;C:\Windows\System32\WindowsPowerShell\v1.0\;C:\Windows\System32\OpenSSH\;C:\ProgramData\chocolatey\bin;C:\ProgramData\nvm;C:\Program Files\nodejs;C:\Program Files\Git\cmd;C:\Program Files\dotnet\;C:\Program Files\Microsoft SQL Server\150\Tools\Binn\;C:\Program Files\Microsoft SQL Server\Client SDK\ODBC\170\Tools\Binn\;C:\Program Files (x86)\Microsoft SQL Server\160\DTS\Binn\;C:\Program Files\Azure Data Studio\bin;C:\DEV\apache-maven-3.9.4\bin;C:\Program Files\Microsoft SQL Server\130\Tools\Binn\;C:\Program Files\Docker\Docker\resources\bin;C:\Program Files (x86)\Microsoft SQL Server\150\Tools\Binn\;C:\Program Files\Microsoft SQL Server\150\DTS\Binn\;C:\Program Files (x86)\GitExtensions\;C:\Program Files (x86)\cloudflared\;C:\Program Files\Cloudflare\Cloudflare WARP\;%JAVA_HOME%\bin;C:\Users\fcana\AppData\Local\Microsoft\WindowsApps;C:\Users\fcana\AppData\Local\JetBrains\Toolbox\scripts;C:\ProgramData\nvm;C:\Program Files\nodejs;C:\Users\fcana\.dotnet\tools;D:\Programas\Microsoft VS Code\bin;C:\Program Files\Azure Data Studio\bin;."/>
    <property name="jdk.debug" value="release"/>
    <property name="java.class.version" value="61.0"/>
    <property name="java.specification.name" value="Java Platform API Specification"/>
    <property name="sun.management.compiler" value="HotSpot 64-Bit Tiered Compilers"/>
    <property name="os.version" value="10.0"/>
    <property name="user.home" value="C:\Users\fcana"/>
    <property name="user.timezone" value="America/Santiago"/>
    <property name="file.encoding" value="UTF-8"/>
    <property name="java.specification.version" value="17"/>
    <property name="user.name" value="fcana"/>
    <property name="java.class.path" value="C:\Users\fcana\.p2\pool\plugins\org.eclipse.m2e.maven.runtime_3.9.600.20231203-1234\jars\plexus-classworlds-2.7.0.jar"/>
    <property name="java.vm.specification.version" value="17"/>
    <property name="sun.arch.data.model" value="64"/>
    <property name="sun.java.command" value="org.codehaus.plexus.classworlds.launcher.Launcher -B -Dstyle.color=always test"/>
    <property name="java.home" value="C:\Program Files\Java\jdk-17"/>
    <property name="user.language" value="es"/>
    <property name="java.specification.vendor" value="Oracle Corporation"/>
    <property name="java.vm.info" value="mixed mode, sharing"/>
    <property name="java.version" value="17.0.7"/>
    <property name="native.encoding" value="Cp1252"/>
    <property name="java.vendor" value="Oracle Corporation"/>
    <property name="maven.home" value="D:\Estudio\Eclipse\CtaCorriente\EMBEDDED"/>
    <property name="style.color" value="always"/>
    <property name="file.separator" value="\"/>
    <property name="java.version.date" value="2023-04-18"/>
    <property name="java.vendor.url.bug" value="https://bugreport.java.com/bugreport/"/>
    <property name="sun.io.unicode.encoding" value="UnicodeLittle"/>
    <property name="sun.cpu.endian" value="little"/>
    <property name="m2e.build.project.data.socket.port" value="49194"/>
    <property name="sun.cpu.isalist" value="amd64"/>
  </properties>
  <testcase name="testApp" classname="com.platinum.CtaCorriente.AppTest" time="0.003"/>
  <testcase name="testLoginCorrecto" classname="com.platinum.CtaCorriente.UsuarioTest" time="0.148"/>
  <testcase name="testLoginIncorrecto" classname="com.platinum.CtaCorriente.UsuarioTest" time="0.001"/>
  <testcase name="testConnectionNotNull" classname="com.platinum.CtaCorriente.ConectorDBTest" time="0"/>
  <testcase name="testMultipleConnections" classname="com.platinum.CtaCorriente.ConectorDBTest" time="0.003"/>
</testsuite>