<?xml version="1.0" encoding="UTF-8"?>
<!-- Generated by org.testng.reporters.JUnitReportReporter -->
<testsuite hostname="DESKTOP-6BO37H3" failures="0" tests="1" name="com.platinum.CtaCorriente.AppTest" time="0.002" errors="0" timestamp="2024-05-19T18:54:26 CLT" skipped="0">
  <testcase classname="com.platinum.CtaCorriente.AppTest" name="testApp" time="0.002"/>
</testsuite> <!-- com.platinum.CtaCorriente.AppTest -->
