<?xml version="1.0" encoding="UTF-8"?>
<!-- Generated by org.testng.reporters.JUnitReportReporter -->
<testsuite hostname="DESKTOP-6BO37H3" failures="0" tests="2" name="com.platinum.CtaCorriente.UsuarioTest" time="0.155" errors="0" timestamp="2024-05-19T19:11:51 CLT" skipped="0">
  <testcase classname="com.platinum.CtaCorriente.UsuarioTest" name="testLoginIncorrecto" time="0.001"/>
  <testcase classname="com.platinum.CtaCorriente.UsuarioTest" name="testLoginCorrecto" time="0.154"/>
</testsuite> <!-- com.platinum.CtaCorriente.UsuarioTest -->
