<?xml version="1.0" encoding="UTF-8"?>
<!-- Generated by org.testng.reporters.JUnitReportReporter -->
<testsuite hostname="DESKTOP-6BO37H3" failures="0" tests="2" name="com.platinum.CtaCorriente.ConectorDBTest" time="0.226" errors="0" timestamp="2024-05-19T17:06:01 CLT" skipped="0">
  <testcase classname="com.platinum.CtaCorriente.ConectorDBTest" name="testMultipleConnections" time="0.114"/>
  <testcase classname="com.platinum.CtaCorriente.ConectorDBTest" name="testConnectionNotNull" time="0.112"/>
</testsuite> <!-- com.platinum.CtaCorriente.ConectorDBTest -->
