<?xml version="1.0" encoding="UTF-8"?>
<!-- Generated by org.testng.reporters.JUnitReportReporter -->
<testsuite hostname="DESKTOP-6BO37H3" failures="0" tests="2" name="com.platinum.CtaCorriente.UsuarioTest" time="0.148" errors="0" timestamp="2024-05-19T18:54:26 CLT" skipped="0">
  <testcase classname="com.platinum.CtaCorriente.UsuarioTest" name="testLoginCorrecto" time="0.147"/>
  <testcase classname="com.platinum.CtaCorriente.UsuarioTest" name="testLoginIncorrecto" time="0.001"/>
</testsuite> <!-- com.platinum.CtaCorriente.UsuarioTest -->
